Base path: 'C:/Program Files/Unity/Editor/Data', plugins path 'C:/Program Files/Unity/Editor/Data/PlaybackEngines'
Cmd: initializeCompiler
<<<<<<< HEAD
Cmd: compileSnippet
  api=4 type=1 insize=731 outsize=574 kw=ETC1_EXTERNAL_ALPHA pd=UNITY_ENABLE_REFLECTION_BUFFERS UNITY_USE_DITHER_MASK_FOR_ALPHABLENDED_SHADOWS UNITY_PBS_USE_BRDF1 UNITY_SPECCUBE_BOX_PROJECTION UNITY_SPECCUBE_BLENDING UNITY_ENABLE_DETAIL_NORMALMAP SHADER_API_DESKTOP UNITY_COLORSPACE_GAMMA UNITY_LIGHT_PROBE_PROXY_VOLUME UNITY_LIGHTMAP_FULL_HDR ok=1
=======
Cmd: preprocess
  insize=7883 outsize=2542 ok=1
Cmd: preprocess
  insize=3642 outsize=1299 ok=1
Cmd: preprocess
  insize=12310 outsize=4702 ok=1
Cmd: preprocess
  insize=3662 outsize=2718 ok=1
Cmd: preprocess
  insize=4513 outsize=3751 ok=1
Cmd: preprocess
  insize=3640 outsize=1347 ok=1
Cmd: preprocess
  insize=10917 outsize=4057 ok=1
Cmd: preprocess
  insize=3177 outsize=2815 ok=1
Cmd: preprocess
  insize=8069 outsize=2811 ok=1
Cmd: preprocess
  insize=10902 outsize=4047 ok=1
Cmd: preprocess
  insize=3694 outsize=1723 ok=1
Cmd: preprocess
  insize=7914 outsize=2554 ok=1
Cmd: preprocess
  insize=2468 outsize=1177 ok=1
>>>>>>> d120c12a007b58933e7b34e3993d83dd938d900e
